<<<<<<< HEAD
[0201/223915.746:ERROR:process_reader_win.cc(123)] NtOpenThread: {Access Denied} A process has requested access to an object, but has not been granted those access rights. (0xc0000022)
[0201/223915.744:ERROR:process_reader_win.cc(123)] NtOpenThread: {Access Denied} A process has requested access to an object, but has not been granted those access rights. (0xc0000022)
[0201/223915.747:ERROR:exception_snapshot_win.cc(98)] thread ID 14652 not found in process
[0201/223915.747:ERROR:exception_snapshot_win.cc(98)] thread ID 7600 not found in process
=======
[0201/224232.212:ERROR:process_reader_win.cc(151)] SuspendThread: Access is denied. (0x5)
[0201/224232.212:ERROR:process_reader_win.cc(151)] SuspendThread: Access is denied. (0x5)
[0201/224232.212:ERROR:process_reader_win.cc(151)] SuspendThread: Access is denied. (0x5)
[0201/224232.216:ERROR:process_reader_win.cc(151)] SuspendThread: Access is denied. (0x5)
[0201/224232.216:ERROR:process_reader_win.cc(151)] SuspendThread: Access is denied. (0x5)
[0201/224232.216:ERROR:process_reader_win.cc(151)] SuspendThread: Access is denied. (0x5)
[0201/224232.212:ERROR:process_reader_win.cc(151)] SuspendThread: Access is denied. (0x5)
[0201/224232.216:ERROR:process_reader_win.cc(151)] SuspendThread: Access is denied. (0x5)
[0201/224232.216:ERROR:process_reader_win.cc(151)] SuspendThread: Access is denied. (0x5)
[0201/224232.216:ERROR:process_reader_win.cc(151)] SuspendThread: Access is denied. (0x5)
[0201/224232.216:ERROR:process_reader_win.cc(151)] SuspendThread: Access is denied. (0x5)
[0201/224232.216:ERROR:process_reader_win.cc(151)] SuspendThread: Access is denied. (0x5)
[0201/224232.216:ERROR:process_reader_win.cc(151)] SuspendThread: Access is denied. (0x5)
[0201/224232.216:ERROR:process_reader_win.cc(151)] SuspendThread: Access is denied. (0x5)
[0201/224232.220:ERROR:process_reader_win.cc(151)] SuspendThread: Access is denied. (0x5)
[0201/224232.220:ERROR:process_reader_win.cc(151)] SuspendThread: Access is denied. (0x5)
[0201/224232.220:ERROR:process_reader_win.cc(151)] SuspendThread: Access is denied. (0x5)
[0201/224232.220:ERROR:process_reader_win.cc(151)] SuspendThread: Access is denied. (0x5)
[0201/224232.220:ERROR:process_reader_win.cc(151)] SuspendThread: Access is denied. (0x5)
[0201/224232.216:ERROR:process_reader_win.cc(123)] NtOpenThread: {Access Denied} A process has requested access to an object, but has not been granted those access rights. (0xc0000022)
[0201/224232.236:ERROR:exception_snapshot_win.cc(98)] thread ID 15300 not found in process
[0201/224232.220:ERROR:process_reader_win.cc(123)] NtOpenThread: {Access Denied} A process has requested access to an object, but has not been granted those access rights. (0xc0000022)
[0201/224232.236:ERROR:exception_snapshot_win.cc(98)] thread ID 11792 not found in process
[0201/224232.216:ERROR:process_reader_win.cc(123)] NtOpenThread: {Access Denied} A process has requested access to an object, but has not been granted those access rights. (0xc0000022)
[0201/224232.236:ERROR:exception_snapshot_win.cc(98)] thread ID 10316 not found in process
[0201/224232.216:ERROR:process_reader_win.cc(123)] NtOpenThread: {Access Denied} A process has requested access to an object, but has not been granted those access rights. (0xc0000022)
[0201/224232.236:ERROR:exception_snapshot_win.cc(98)] thread ID 16312 not found in process
[0201/224900.042:ERROR:process_reader_win.cc(151)] SuspendThread: Access is denied. (0x5)
[0201/224900.046:ERROR:process_reader_win.cc(151)] SuspendThread: Access is denied. (0x5)
[0201/224900.050:ERROR:process_reader_win.cc(151)] SuspendThread: Access is denied. (0x5)
[0201/224900.050:ERROR:process_reader_win.cc(151)] SuspendThread: Access is denied. (0x5)
[0201/224900.050:ERROR:process_reader_win.cc(151)] SuspendThread: Access is denied. (0x5)
[0201/224900.050:ERROR:process_reader_win.cc(151)] SuspendThread: Access is denied. (0x5)
[0201/224900.050:ERROR:process_reader_win.cc(151)] SuspendThread: Access is denied. (0x5)
[0201/224900.050:ERROR:process_reader_win.cc(151)] SuspendThread: Access is denied. (0x5)
[0201/224900.050:ERROR:process_reader_win.cc(151)] SuspendThread: Access is denied. (0x5)
[0201/224900.050:ERROR:process_reader_win.cc(151)] SuspendThread: Access is denied. (0x5)
[0201/224900.050:ERROR:process_reader_win.cc(123)] NtOpenThread: {Access Denied} A process has requested access to an object, but has not been granted those access rights. (0xc0000022)
[0201/224900.050:ERROR:exception_snapshot_win.cc(98)] thread ID 16520 not found in process
[0201/224900.050:ERROR:process_reader_win.cc(151)] SuspendThread: Access is denied. (0x5)
[0201/224900.050:ERROR:process_reader_win.cc(151)] SuspendThread: Access is denied. (0x5)
[0201/224900.054:ERROR:process_reader_win.cc(151)] SuspendThread: Access is denied. (0x5)
[0201/224900.054:ERROR:process_reader_win.cc(151)] SuspendThread: Access is denied. (0x5)
[0201/224900.054:ERROR:process_reader_win.cc(151)] SuspendThread: Access is denied. (0x5)
[0201/224900.054:ERROR:process_reader_win.cc(151)] SuspendThread: Access is denied. (0x5)
[0201/224900.054:ERROR:process_reader_win.cc(151)] SuspendThread: Access is denied. (0x5)
[0201/224900.054:ERROR:process_reader_win.cc(151)] SuspendThread: Access is denied. (0x5)
[0201/224900.054:ERROR:process_reader_win.cc(151)] SuspendThread: Access is denied. (0x5)
[0201/224900.054:ERROR:process_reader_win.cc(123)] NtOpenThread: {Access Denied} A process has requested access to an object, but has not been granted those access rights. (0xc0000022)
[0201/224900.054:ERROR:exception_snapshot_win.cc(98)] thread ID 13832 not found in process
>>>>>>> 04a292a8ccdbe497f09b22f7fa1393ecc9bc7a24
[0202/000945.926:ERROR:process_reader_win.cc(123)] NtOpenThread: {Access Denied} A process has requested access to an object, but has not been granted those access rights. (0xc0000022)
[0202/000945.928:ERROR:exception_snapshot_win.cc(98)] thread ID 20060 not found in process
[0202/001205.471:ERROR:process_reader_win.cc(123)] NtOpenThread: {Access Denied} A process has requested access to an object, but has not been granted those access rights. (0xc0000022)
[0202/001205.472:ERROR:exception_snapshot_win.cc(98)] thread ID 22268 not found in process
[0202/012936.515:ERROR:process_reader_win.cc(123)] NtOpenThread: {Access Denied} A process has requested access to an object, but has not been granted those access rights. (0xc0000022)
[0202/012936.516:ERROR:exception_snapshot_win.cc(98)] thread ID 22148 not found in process
[0202/013337.016:ERROR:process_reader_win.cc(123)] NtOpenThread: {Access Denied} A process has requested access to an object, but has not been granted those access rights. (0xc0000022)
[0202/013337.017:ERROR:exception_snapshot_win.cc(98)] thread ID 16688 not found in process
[0202/031001.423:ERROR:process_reader_win.cc(123)] NtOpenThread: {Access Denied} A process has requested access to an object, but has not been granted those access rights. (0xc0000022)
[0202/031001.523:ERROR:exception_snapshot_win.cc(98)] thread ID 13484 not found in process
[0304/130746.854:ERROR:process_reader_win.cc(123)] NtOpenThread: {Access Denied} A process has requested access to an object, but has not been granted those access rights. (0xc0000022)
[0304/130746.862:ERROR:exception_snapshot_win.cc(98)] thread ID 1188 not found in process
[0304/130746.912:ERROR:process_reader_win.cc(123)] NtOpenThread: {Access Denied} A process has requested access to an object, but has not been granted those access rights. (0xc0000022)
[0304/130746.912:ERROR:exception_snapshot_win.cc(98)] thread ID 10588 not found in process
[0304/132658.118:ERROR:process_reader_win.cc(123)] NtOpenThread: {Access Denied} A process has requested access to an object, but has not been granted those access rights. (0xc0000022)
[0304/132658.119:ERROR:exception_snapshot_win.cc(98)] thread ID 13524 not found in process
[0304/132658.163:ERROR:process_reader_win.cc(123)] NtOpenThread: {Access Denied} A process has requested access to an object, but has not been granted those access rights. (0xc0000022)
[0304/132658.163:ERROR:exception_snapshot_win.cc(98)] thread ID 13384 not found in process
[0304/194122.785:ERROR:process_reader_win.cc(151)] SuspendThread: Access is denied. (0x5)
[0304/194122.789:ERROR:process_reader_win.cc(151)] SuspendThread: Access is denied. (0x5)
[0304/194122.789:ERROR:process_reader_win.cc(123)] NtOpenThread: {Access Denied} A process has requested access to an object, but has not been granted those access rights. (0xc0000022)
[0304/194122.789:ERROR:exception_snapshot_win.cc(98)] thread ID 7652 not found in process
[0304/194122.858:ERROR:process_reader_win.cc(123)] NtOpenThread: {Access Denied} A process has requested access to an object, but has not been granted those access rights. (0xc0000022)
[0304/194122.858:ERROR:exception_snapshot_win.cc(98)] thread ID 6632 not found in process
[0304/195312.707:ERROR:process_reader_win.cc(123)] NtOpenThread: {Access Denied} A process has requested access to an object, but has not been granted those access rights. (0xc0000022)
[0304/195312.711:ERROR:exception_snapshot_win.cc(98)] thread ID 9576 not found in process
[0304/195312.751:ERROR:process_reader_win.cc(123)] NtOpenThread: {Access Denied} A process has requested access to an object, but has not been granted those access rights. (0xc0000022)
[0304/195312.751:ERROR:exception_snapshot_win.cc(98)] thread ID 1936 not found in process
[0305/151532.216:ERROR:process_reader_win.cc(123)] NtOpenThread: {Access Denied} A process has requested access to an object, but has not been granted those access rights. (0xc0000022)
[0305/151532.424:ERROR:exception_snapshot_win.cc(98)] thread ID 10224 not found in process
[0305/151532.424:ERROR:scoped_process_suspend.cc(40)] NtResumeProcess: An attempt was made to access an exiting process. (0xc000010a)
[0305/151714.579:ERROR:process_reader_win.cc(123)] NtOpenThread: {Access Denied} A process has requested access to an object, but has not been granted those access rights. (0xc0000022)
[0305/151714.583:ERROR:exception_snapshot_win.cc(98)] thread ID 14028 not found in process
[0305/151714.618:ERROR:process_reader_win.cc(123)] NtOpenThread: {Access Denied} A process has requested access to an object, but has not been granted those access rights. (0xc0000022)
[0305/151714.618:ERROR:exception_snapshot_win.cc(98)] thread ID 7096 not found in process
[0305/152009.863:ERROR:process_reader_win.cc(123)] NtOpenThread: {Access Denied} A process has requested access to an object, but has not been granted those access rights. (0xc0000022)
[0305/152009.867:ERROR:exception_snapshot_win.cc(98)] thread ID 21248 not found in process
[0305/152009.927:ERROR:process_reader_win.cc(123)] NtOpenThread: {Access Denied} A process has requested access to an object, but has not been granted those access rights. (0xc0000022)
[0305/152009.927:ERROR:exception_snapshot_win.cc(98)] thread ID 22516 not found in process
[0305/155035.814:ERROR:process_reader_win.cc(151)] SuspendThread: Access is denied. (0x5)
[0305/155035.815:ERROR:process_reader_win.cc(123)] NtOpenThread: {Access Denied} A process has requested access to an object, but has not been granted those access rights. (0xc0000022)
[0305/155035.815:ERROR:exception_snapshot_win.cc(98)] thread ID 12940 not found in process
[0305/155035.824:ERROR:process_reader_win.cc(123)] NtOpenThread: {Access Denied} A process has requested access to an object, but has not been granted those access rights. (0xc0000022)
[0305/155035.824:ERROR:exception_snapshot_win.cc(98)] thread ID 13456 not found in process
[0305/155035.846:ERROR:process_reader_win.cc(151)] SuspendThread: Access is denied. (0x5)
[0305/155035.846:ERROR:process_reader_win.cc(151)] SuspendThread: Access is denied. (0x5)
[0305/155035.846:ERROR:process_reader_win.cc(151)] SuspendThread: Access is denied. (0x5)
[0305/155035.846:ERROR:process_reader_win.cc(123)] NtOpenThread: {Access Denied} A process has requested access to an object, but has not been granted those access rights. (0xc0000022)
[0305/155035.846:ERROR:exception_snapshot_win.cc(98)] thread ID 19436 not found in process
[0305/155634.838:ERROR:process_reader_win.cc(123)] NtOpenThread: {Access Denied} A process has requested access to an object, but has not been granted those access rights. (0xc0000022)
[0305/155634.840:ERROR:exception_snapshot_win.cc(98)] thread ID 20800 not found in process
[0305/155634.873:ERROR:process_reader_win.cc(123)] NtOpenThread: {Access Denied} A process has requested access to an object, but has not been granted those access rights. (0xc0000022)
[0305/155634.873:ERROR:exception_snapshot_win.cc(98)] thread ID 21836 not found in process
[0305/160433.655:ERROR:process_reader_win.cc(123)] NtOpenThread: {Access Denied} A process has requested access to an object, but has not been granted those access rights. (0xc0000022)
[0305/160433.656:ERROR:exception_snapshot_win.cc(98)] thread ID 15212 not found in process
[0305/160433.724:ERROR:process_reader_win.cc(123)] NtOpenThread: {Access Denied} A process has requested access to an object, but has not been granted those access rights. (0xc0000022)
[0305/160433.724:ERROR:exception_snapshot_win.cc(98)] thread ID 17052 not found in process
[0305/171026.926:ERROR:process_reader_win.cc(151)] SuspendThread: Access is denied. (0x5)
[0305/171026.931:ERROR:process_reader_win.cc(123)] NtOpenThread: {Access Denied} A process has requested access to an object, but has not been granted those access rights. (0xc0000022)
[0305/171026.985:ERROR:exception_snapshot_win.cc(98)] thread ID 18848 not found in process
[0305/171026.985:ERROR:process_reader_win.cc(151)] SuspendThread: Access is denied. (0x5)
[0305/171026.990:ERROR:process_reader_win.cc(151)] SuspendThread: Access is denied. (0x5)
[0305/171026.990:ERROR:process_reader_win.cc(151)] SuspendThread: Access is denied. (0x5)
[0305/171026.990:ERROR:process_reader_win.cc(151)] SuspendThread: Access is denied. (0x5)
[0305/171026.990:ERROR:process_reader_win.cc(123)] NtOpenThread: {Access Denied} A process has requested access to an object, but has not been granted those access rights. (0xc0000022)
[0305/171026.990:ERROR:exception_snapshot_win.cc(98)] thread ID 20652 not found in process
[0305/181447.011:ERROR:process_reader_win.cc(123)] NtOpenThread: {Access Denied} A process has requested access to an object, but has not been granted those access rights. (0xc0000022)
[0305/181447.051:ERROR:exception_snapshot_win.cc(98)] thread ID 16544 not found in process
[0305/181447.072:ERROR:process_reader_win.cc(123)] NtOpenThread: {Access Denied} A process has requested access to an object, but has not been granted those access rights. (0xc0000022)
[0305/181447.073:ERROR:exception_snapshot_win.cc(98)] thread ID 15636 not found in process
[0309/144315.855:ERROR:process_reader_win.cc(151)] SuspendThread: Access is denied. (0x5)
[0309/144315.895:ERROR:process_reader_win.cc(151)] SuspendThread: Access is denied. (0x5)
[0309/144315.859:ERROR:process_reader_win.cc(151)] SuspendThread: Access is denied. (0x5)
[0309/144315.895:ERROR:process_reader_win.cc(123)] NtOpenThread: {Access Denied} A process has requested access to an object, but has not been granted those access rights. (0xc0000022)
[0309/144315.895:ERROR:process_reader_win.cc(123)] NtOpenThread: {Access Denied} A process has requested access to an object, but has not been granted those access rights. (0xc0000022)
[0309/144315.891:ERROR:process_reader_win.cc(123)] NtOpenThread: {Access Denied} A process has requested access to an object, but has not been granted those access rights. (0xc0000022)
[0309/144315.931:ERROR:exception_snapshot_win.cc(98)] thread ID 5192 not found in process
[0309/144315.931:ERROR:exception_snapshot_win.cc(98)] thread ID 9688 not found in process
[0309/144315.891:ERROR:process_reader_win.cc(123)] NtOpenThread: {Access Denied} A process has requested access to an object, but has not been granted those access rights. (0xc0000022)
[0309/144315.931:ERROR:exception_snapshot_win.cc(98)] thread ID 9300 not found in process
[0309/144315.931:ERROR:exception_snapshot_win.cc(98)] thread ID 284 not found in process
[0309/145350.430:ERROR:process_reader_win.cc(123)] NtOpenThread: {Access Denied} A process has requested access to an object, but has not been granted those access rights. (0xc0000022)
[0309/145350.434:ERROR:exception_snapshot_win.cc(98)] thread ID 8160 not found in process
[0309/145350.470:ERROR:process_reader_win.cc(123)] NtOpenThread: {Access Denied} A process has requested access to an object, but has not been granted those access rights. (0xc0000022)
[0309/145350.470:ERROR:exception_snapshot_win.cc(98)] thread ID 8176 not found in process
[0309/150250.630:ERROR:process_reader_win.cc(151)] SuspendThread: Access is denied. (0x5)
[0309/150250.634:ERROR:process_reader_win.cc(151)] SuspendThread: Access is denied. (0x5)
[0309/150250.634:ERROR:process_reader_win.cc(123)] NtOpenThread: {Access Denied} A process has requested access to an object, but has not been granted those access rights. (0xc0000022)
[0309/150250.634:ERROR:exception_snapshot_win.cc(98)] thread ID 6844 not found in process
[0309/150250.674:ERROR:process_reader_win.cc(151)] SuspendThread: Access is denied. (0x5)
[0309/150250.674:ERROR:process_reader_win.cc(151)] SuspendThread: Access is denied. (0x5)
[0309/150250.674:ERROR:process_reader_win.cc(151)] SuspendThread: Access is denied. (0x5)
[0309/150250.674:ERROR:process_reader_win.cc(151)] SuspendThread: Access is denied. (0x5)
[0309/150250.674:ERROR:process_reader_win.cc(123)] NtOpenThread: {Access Denied} A process has requested access to an object, but has not been granted those access rights. (0xc0000022)
[0309/150250.674:ERROR:exception_snapshot_win.cc(98)] thread ID 11952 not found in process
[0309/170043.377:ERROR:process_reader_win.cc(123)] NtOpenThread: {Access Denied} A process has requested access to an object, but has not been granted those access rights. (0xc0000022)
[0309/170043.378:ERROR:exception_snapshot_win.cc(98)] thread ID 8008 not found in process
[0309/170043.413:ERROR:process_reader_win.cc(123)] NtOpenThread: {Access Denied} A process has requested access to an object, but has not been granted those access rights. (0xc0000022)
[0309/170043.413:ERROR:exception_snapshot_win.cc(98)] thread ID 11772 not found in process
[0309/170406.645:ERROR:process_reader_win.cc(151)] SuspendThread: Access is denied. (0x5)
[0309/170406.646:ERROR:process_reader_win.cc(151)] SuspendThread: Access is denied. (0x5)
[0309/170406.646:ERROR:process_reader_win.cc(151)] SuspendThread: Access is denied. (0x5)
[0309/170406.646:ERROR:process_reader_win.cc(151)] SuspendThread: Access is denied. (0x5)
[0309/170406.647:ERROR:process_reader_win.cc(151)] SuspendThread: Access is denied. (0x5)
[0309/170406.647:ERROR:process_reader_win.cc(151)] SuspendThread: Access is denied. (0x5)
[0309/170406.647:ERROR:process_reader_win.cc(151)] SuspendThread: Access is denied. (0x5)
[0309/170406.647:ERROR:process_reader_win.cc(151)] SuspendThread: Access is denied. (0x5)
[0309/170406.647:ERROR:process_reader_win.cc(151)] SuspendThread: Access is denied. (0x5)
[0309/170406.647:ERROR:process_reader_win.cc(151)] SuspendThread: Access is denied. (0x5)
[0309/170406.647:ERROR:process_reader_win.cc(151)] SuspendThread: Access is denied. (0x5)
[0309/170406.647:ERROR:process_reader_win.cc(123)] NtOpenThread: {Access Denied} A process has requested access to an object, but has not been granted those access rights. (0xc0000022)
[0309/170406.647:ERROR:exception_snapshot_win.cc(98)] thread ID 4724 not found in process
[0309/170406.647:ERROR:process_reader_win.cc(151)] SuspendThread: Access is denied. (0x5)
[0309/170406.648:ERROR:process_reader_win.cc(151)] SuspendThread: Access is denied. (0x5)
[0309/170406.649:ERROR:process_reader_win.cc(151)] SuspendThread: Access is denied. (0x5)
[0309/170406.649:ERROR:process_reader_win.cc(151)] SuspendThread: Access is denied. (0x5)
[0309/170406.649:ERROR:process_reader_win.cc(151)] SuspendThread: Access is denied. (0x5)
[0309/170406.649:ERROR:process_reader_win.cc(151)] SuspendThread: Access is denied. (0x5)
[0309/170406.649:ERROR:process_reader_win.cc(151)] SuspendThread: Access is denied. (0x5)
[0309/170406.649:ERROR:process_reader_win.cc(151)] SuspendThread: Access is denied. (0x5)
[0309/170406.649:ERROR:process_reader_win.cc(151)] SuspendThread: Access is denied. (0x5)
[0309/170406.649:ERROR:process_reader_win.cc(151)] SuspendThread: Access is denied. (0x5)
[0309/170406.649:ERROR:process_reader_win.cc(151)] SuspendThread: Access is denied. (0x5)
[0309/170406.649:ERROR:process_reader_win.cc(151)] SuspendThread: Access is denied. (0x5)
[0309/170406.649:ERROR:process_reader_win.cc(151)] SuspendThread: Access is denied. (0x5)
[0309/170406.649:ERROR:process_reader_win.cc(151)] SuspendThread: Access is denied. (0x5)
[0309/170406.649:ERROR:process_reader_win.cc(151)] SuspendThread: Access is denied. (0x5)
[0309/170406.649:ERROR:process_reader_win.cc(151)] SuspendThread: Access is denied. (0x5)
[0309/170406.649:ERROR:process_reader_win.cc(151)] SuspendThread: Access is denied. (0x5)
[0309/170406.649:ERROR:process_reader_win.cc(151)] SuspendThread: Access is denied. (0x5)
[0309/170406.650:ERROR:process_reader_win.cc(123)] NtOpenThread: {Access Denied} A process has requested access to an object, but has not been granted those access rights. (0xc0000022)
[0309/170406.650:ERROR:exception_snapshot_win.cc(98)] thread ID 9736 not found in process
[0309/170406.690:ERROR:process_reader_win.cc(151)] SuspendThread: Access is denied. (0x5)
[0309/170406.690:ERROR:process_reader_win.cc(123)] NtOpenThread: {Access Denied} A process has requested access to an object, but has not been granted those access rights. (0xc0000022)
[0309/170406.691:ERROR:exception_snapshot_win.cc(98)] thread ID 7832 not found in process
[0309/170406.697:ERROR:process_reader_win.cc(151)] SuspendThread: Access is denied. (0x5)
[0309/170406.697:ERROR:process_reader_win.cc(151)] SuspendThread: Access is denied. (0x5)
[0309/170406.697:ERROR:process_reader_win.cc(151)] SuspendThread: Access is denied. (0x5)
[0309/170406.697:ERROR:process_reader_win.cc(151)] SuspendThread: Access is denied. (0x5)
[0309/170406.697:ERROR:process_reader_win.cc(151)] SuspendThread: Access is denied. (0x5)
[0309/170406.697:ERROR:process_reader_win.cc(123)] NtOpenThread: {Access Denied} A process has requested access to an object, but has not been granted those access rights. (0xc0000022)
[0309/170406.697:ERROR:exception_snapshot_win.cc(98)] thread ID 2652 not found in process
[0309/170406.703:ERROR:process_reader_win.cc(151)] SuspendThread: Access is denied. (0x5)
[0309/170406.703:ERROR:process_reader_win.cc(151)] SuspendThread: Access is denied. (0x5)
[0309/170406.703:ERROR:process_reader_win.cc(151)] SuspendThread: Access is denied. (0x5)
[0309/170406.703:ERROR:process_reader_win.cc(123)] NtOpenThread: {Access Denied} A process has requested access to an object, but has not been granted those access rights. (0xc0000022)
[0309/170406.703:ERROR:exception_snapshot_win.cc(98)] thread ID 4800 not found in process
[0309/170512.953:ERROR:process_reader_win.cc(151)] SuspendThread: Access is denied. (0x5)
[0309/170512.954:ERROR:process_reader_win.cc(123)] NtOpenThread: {Access Denied} A process has requested access to an object, but has not been granted those access rights. (0xc0000022)
[0309/170512.954:ERROR:exception_snapshot_win.cc(98)] thread ID 12824 not found in process
[0309/170512.992:ERROR:process_reader_win.cc(151)] SuspendThread: Access is denied. (0x5)
[0309/170512.992:ERROR:process_reader_win.cc(151)] SuspendThread: Access is denied. (0x5)
[0309/170512.992:ERROR:process_reader_win.cc(123)] NtOpenThread: {Access Denied} A process has requested access to an object, but has not been granted those access rights. (0xc0000022)
[0309/170512.992:ERROR:exception_snapshot_win.cc(98)] thread ID 6308 not found in process
[0309/170513.011:ERROR:process_reader_win.cc(151)] SuspendThread: Access is denied. (0x5)
[0309/170513.011:ERROR:process_reader_win.cc(151)] SuspendThread: Access is denied. (0x5)
[0309/170513.016:ERROR:process_reader_win.cc(151)] SuspendThread: Access is denied. (0x5)
[0309/170513.016:ERROR:process_reader_win.cc(151)] SuspendThread: Access is denied. (0x5)
[0309/170513.016:ERROR:process_reader_win.cc(123)] NtOpenThread: {Access Denied} A process has requested access to an object, but has not been granted those access rights. (0xc0000022)
[0309/170513.016:ERROR:exception_snapshot_win.cc(98)] thread ID 11768 not found in process
[0309/171516.195:ERROR:process_reader_win.cc(151)] SuspendThread: Access is denied. (0x5)
[0309/171516.197:ERROR:process_reader_win.cc(123)] NtOpenThread: {Access Denied} A process has requested access to an object, but has not been granted those access rights. (0xc0000022)
[0309/171516.197:ERROR:exception_snapshot_win.cc(98)] thread ID 10732 not found in process
[0309/171516.248:ERROR:process_reader_win.cc(123)] NtOpenThread: {Access Denied} A process has requested access to an object, but has not been granted those access rights. (0xc0000022)
[0309/171516.249:ERROR:exception_snapshot_win.cc(98)] thread ID 1832 not found in process
[0309/172751.889:ERROR:process_reader_win.cc(151)] SuspendThread: Access is denied. (0x5)
[0309/172751.891:ERROR:process_reader_win.cc(151)] SuspendThread: Access is denied. (0x5)
[0309/172751.893:ERROR:process_reader_win.cc(151)] SuspendThread: Access is denied. (0x5)
[0309/172751.893:ERROR:process_reader_win.cc(151)] SuspendThread: Access is denied. (0x5)
[0309/172751.893:ERROR:process_reader_win.cc(151)] SuspendThread: Access is denied. (0x5)
[0309/172751.893:ERROR:process_reader_win.cc(151)] SuspendThread: Access is denied. (0x5)
[0309/172751.893:ERROR:process_reader_win.cc(123)] NtOpenThread: {Access Denied} A process has requested access to an object, but has not been granted those access rights. (0xc0000022)
[0309/172751.894:ERROR:exception_snapshot_win.cc(98)] thread ID 8384 not found in process
[0309/172751.893:ERROR:process_reader_win.cc(151)] SuspendThread: Access is denied. (0x5)
[0309/172751.896:ERROR:process_reader_win.cc(151)] SuspendThread: Access is denied. (0x5)
[0309/172751.897:ERROR:process_reader_win.cc(151)] SuspendThread: Access is denied. (0x5)
[0309/172751.897:ERROR:process_reader_win.cc(123)] NtOpenThread: {Access Denied} A process has requested access to an object, but has not been granted those access rights. (0xc0000022)
[0309/172751.898:ERROR:exception_snapshot_win.cc(98)] thread ID 7708 not found in process
[0309/173257.131:ERROR:process_reader_win.cc(123)] NtOpenThread: {Access Denied} A process has requested access to an object, but has not been granted those access rights. (0xc0000022)
[0309/173257.132:ERROR:exception_snapshot_win.cc(98)] thread ID 4132 not found in process
[0309/173257.146:ERROR:process_reader_win.cc(123)] NtOpenThread: {Access Denied} A process has requested access to an object, but has not been granted those access rights. (0xc0000022)
[0309/173257.147:ERROR:exception_snapshot_win.cc(98)] thread ID 1228 not found in process
[0309/173257.188:ERROR:process_reader_win.cc(123)] NtOpenThread: {Access Denied} A process has requested access to an object, but has not been granted those access rights. (0xc0000022)
[0309/173257.189:ERROR:exception_snapshot_win.cc(98)] thread ID 1232 not found in process
[0309/192237.587:ERROR:process_reader_win.cc(151)] SuspendThread: Access is denied. (0x5)
[0309/192237.588:ERROR:process_reader_win.cc(151)] SuspendThread: Access is denied. (0x5)
[0309/192237.589:ERROR:process_reader_win.cc(151)] SuspendThread: Access is denied. (0x5)
[0309/192237.589:ERROR:process_reader_win.cc(151)] SuspendThread: Access is denied. (0x5)
[0309/192237.589:ERROR:process_reader_win.cc(151)] SuspendThread: Access is denied. (0x5)
[0309/192237.589:ERROR:process_reader_win.cc(151)] SuspendThread: Access is denied. (0x5)
[0309/192237.589:ERROR:process_reader_win.cc(151)] SuspendThread: Access is denied. (0x5)
[0309/192237.589:ERROR:process_reader_win.cc(151)] SuspendThread: Access is denied. (0x5)
[0309/192237.589:ERROR:process_reader_win.cc(151)] SuspendThread: Access is denied. (0x5)
[0309/192237.589:ERROR:process_reader_win.cc(123)] NtOpenThread: {Access Denied} A process has requested access to an object, but has not been granted those access rights. (0xc0000022)
[0309/192237.589:ERROR:exception_snapshot_win.cc(98)] thread ID 13784 not found in process
[0309/192237.608:ERROR:process_reader_win.cc(151)] SuspendThread: Access is denied. (0x5)
[0309/192237.615:ERROR:process_reader_win.cc(151)] SuspendThread: Access is denied. (0x5)
[0309/192237.615:ERROR:process_reader_win.cc(151)] SuspendThread: Access is denied. (0x5)
[0309/192237.615:ERROR:process_reader_win.cc(151)] SuspendThread: Access is denied. (0x5)
[0309/192237.615:ERROR:process_reader_win.cc(151)] SuspendThread: Access is denied. (0x5)
[0309/192237.615:ERROR:process_reader_win.cc(123)] NtOpenThread: {Access Denied} A process has requested access to an object, but has not been granted those access rights. (0xc0000022)
[0309/192237.616:ERROR:exception_snapshot_win.cc(98)] thread ID 6756 not found in process
[0309/192237.650:ERROR:process_reader_win.cc(123)] NtOpenThread: {Access Denied} A process has requested access to an object, but has not been granted those access rights. (0xc0000022)
[0309/192237.650:ERROR:exception_snapshot_win.cc(98)] thread ID 14252 not found in process
[0309/192237.656:ERROR:process_reader_win.cc(151)] SuspendThread: Access is denied. (0x5)
[0309/192237.656:ERROR:process_reader_win.cc(151)] SuspendThread: Access is denied. (0x5)
[0309/192237.657:ERROR:process_reader_win.cc(151)] SuspendThread: Access is denied. (0x5)
[0309/192237.657:ERROR:process_reader_win.cc(151)] SuspendThread: Access is denied. (0x5)
[0309/192237.657:ERROR:process_reader_win.cc(151)] SuspendThread: Access is denied. (0x5)
[0309/192237.657:ERROR:process_reader_win.cc(151)] SuspendThread: Access is denied. (0x5)
[0309/192237.657:ERROR:process_reader_win.cc(123)] NtOpenThread: {Access Denied} A process has requested access to an object, but has not been granted those access rights. (0xc0000022)
[0309/192237.657:ERROR:exception_snapshot_win.cc(98)] thread ID 13872 not found in process
[0309/192503.940:ERROR:process_reader_win.cc(123)] NtOpenThread: {Access Denied} A process has requested access to an object, but has not been granted those access rights. (0xc0000022)
[0309/192503.942:ERROR:exception_snapshot_win.cc(98)] thread ID 11960 not found in process
[0309/192503.999:ERROR:process_reader_win.cc(123)] NtOpenThread: {Access Denied} A process has requested access to an object, but has not been granted those access rights. (0xc0000022)
[0309/192503.999:ERROR:exception_snapshot_win.cc(98)] thread ID 12716 not found in process
[0309/193217.287:ERROR:process_reader_win.cc(151)] SuspendThread: Access is denied. (0x5)
[0309/193217.288:ERROR:process_reader_win.cc(151)] SuspendThread: Access is denied. (0x5)
[0309/193217.288:ERROR:process_reader_win.cc(123)] NtOpenThread: {Access Denied} A process has requested access to an object, but has not been granted those access rights. (0xc0000022)
[0309/193217.289:ERROR:exception_snapshot_win.cc(98)] thread ID 14132 not found in process
[0309/193217.334:ERROR:process_reader_win.cc(151)] SuspendThread: Access is denied. (0x5)
[0309/193217.334:ERROR:process_reader_win.cc(123)] NtOpenThread: {Access Denied} A process has requested access to an object, but has not been granted those access rights. (0xc0000022)
[0309/193217.334:ERROR:exception_snapshot_win.cc(98)] thread ID 2652 not found in process
[0309/193526.621:ERROR:process_reader_win.cc(123)] NtOpenThread: {Access Denied} A process has requested access to an object, but has not been granted those access rights. (0xc0000022)
[0309/193526.624:ERROR:exception_snapshot_win.cc(98)] thread ID 13072 not found in process
[0309/193526.654:ERROR:process_reader_win.cc(123)] NtOpenThread: {Access Denied} A process has requested access to an object, but has not been granted those access rights. (0xc0000022)
[0309/193526.654:ERROR:exception_snapshot_win.cc(98)] thread ID 1564 not found in process
[0309/193929.725:ERROR:process_reader_win.cc(151)] SuspendThread: Access is denied. (0x5)
[0309/193929.727:ERROR:process_reader_win.cc(151)] SuspendThread: Access is denied. (0x5)
[0309/193929.727:ERROR:process_reader_win.cc(123)] NtOpenThread: {Access Denied} A process has requested access to an object, but has not been granted those access rights. (0xc0000022)
[0309/193929.728:ERROR:exception_snapshot_win.cc(98)] thread ID 6688 not found in process
[0309/193929.790:ERROR:process_reader_win.cc(151)] SuspendThread: Access is denied. (0x5)
[0309/193929.790:ERROR:process_reader_win.cc(151)] SuspendThread: Access is denied. (0x5)
[0309/193929.790:ERROR:process_reader_win.cc(151)] SuspendThread: Access is denied. (0x5)
[0309/193929.790:ERROR:process_reader_win.cc(151)] SuspendThread: Access is denied. (0x5)
[0309/193929.790:ERROR:process_reader_win.cc(151)] SuspendThread: Access is denied. (0x5)
[0309/193929.790:ERROR:process_reader_win.cc(123)] NtOpenThread: {Access Denied} A process has requested access to an object, but has not been granted those access rights. (0xc0000022)
[0309/193929.790:ERROR:exception_snapshot_win.cc(98)] thread ID 12084 not found in process
[0309/194605.139:ERROR:process_reader_win.cc(151)] SuspendThread: Access is denied. (0x5)
[0309/194605.143:ERROR:process_reader_win.cc(151)] SuspendThread: Access is denied. (0x5)
[0309/194605.143:ERROR:process_reader_win.cc(123)] NtOpenThread: {Access Denied} A process has requested access to an object, but has not been granted those access rights. (0xc0000022)
[0309/194605.143:ERROR:exception_snapshot_win.cc(98)] thread ID 7376 not found in process
[0309/194605.194:ERROR:process_reader_win.cc(151)] SuspendThread: Access is denied. (0x5)
[0309/194605.195:ERROR:process_reader_win.cc(151)] SuspendThread: Access is denied. (0x5)
[0309/194605.195:ERROR:process_reader_win.cc(151)] SuspendThread: Access is denied. (0x5)
[0309/194605.195:ERROR:process_reader_win.cc(151)] SuspendThread: Access is denied. (0x5)
[0309/194605.195:ERROR:process_reader_win.cc(151)] SuspendThread: Access is denied. (0x5)
[0309/194605.195:ERROR:process_reader_win.cc(123)] NtOpenThread: {Access Denied} A process has requested access to an object, but has not been granted those access rights. (0xc0000022)
[0309/194605.195:ERROR:exception_snapshot_win.cc(98)] thread ID 4844 not found in process
[0309/200332.033:ERROR:process_reader_win.cc(151)] SuspendThread: Access is denied. (0x5)
[0309/200332.034:ERROR:process_reader_win.cc(151)] SuspendThread: Access is denied. (0x5)
[0309/200332.034:ERROR:process_reader_win.cc(123)] NtOpenThread: {Access Denied} A process has requested access to an object, but has not been granted those access rights. (0xc0000022)
[0309/200332.035:ERROR:exception_snapshot_win.cc(98)] thread ID 9904 not found in process
[0309/200332.102:ERROR:process_reader_win.cc(151)] SuspendThread: Access is denied. (0x5)
[0309/200332.102:ERROR:process_reader_win.cc(151)] SuspendThread: Access is denied. (0x5)
[0309/200332.103:ERROR:process_reader_win.cc(151)] SuspendThread: Access is denied. (0x5)
[0309/200332.104:ERROR:process_reader_win.cc(151)] SuspendThread: Access is denied. (0x5)
[0309/200332.104:ERROR:process_reader_win.cc(151)] SuspendThread: Access is denied. (0x5)
[0309/200332.104:ERROR:process_reader_win.cc(151)] SuspendThread: Access is denied. (0x5)
[0309/200332.104:ERROR:process_reader_win.cc(123)] NtOpenThread: {Access Denied} A process has requested access to an object, but has not been granted those access rights. (0xc0000022)
[0309/200332.104:ERROR:exception_snapshot_win.cc(98)] thread ID 14052 not found in process
[0309/200335.194:ERROR:process_reader_win.cc(123)] NtOpenThread: {Access Denied} A process has requested access to an object, but has not been granted those access rights. (0xc0000022)
[0309/200335.195:ERROR:exception_snapshot_win.cc(98)] thread ID 13416 not found in process
[0309/200335.220:ERROR:process_reader_win.cc(123)] NtOpenThread: {Access Denied} A process has requested access to an object, but has not been granted those access rights. (0xc0000022)
[0309/200335.221:ERROR:exception_snapshot_win.cc(98)] thread ID 4252 not found in process
[0309/200436.427:ERROR:process_reader_win.cc(123)] NtOpenThread: {Access Denied} A process has requested access to an object, but has not been granted those access rights. (0xc0000022)
[0309/200436.428:ERROR:exception_snapshot_win.cc(98)] thread ID 11432 not found in process
[0309/200436.460:ERROR:process_reader_win.cc(123)] NtOpenThread: {Access Denied} A process has requested access to an object, but has not been granted those access rights. (0xc0000022)
[0309/200436.461:ERROR:exception_snapshot_win.cc(98)] thread ID 14208 not found in process
[0309/221946.305:ERROR:process_reader_win.cc(123)] NtOpenThread: {Access Denied} A process has requested access to an object, but has not been granted those access rights. (0xc0000022)
[0309/221946.305:ERROR:exception_snapshot_win.cc(98)] thread ID 2832 not found in process
[0309/222512.383:ERROR:process_reader_win.cc(123)] NtOpenThread: {Access Denied} A process has requested access to an object, but has not been granted those access rights. (0xc0000022)
[0309/222512.383:ERROR:exception_snapshot_win.cc(98)] thread ID 8332 not found in process
[0309/222512.414:ERROR:process_reader_win.cc(123)] NtOpenThread: {Access Denied} A process has requested access to an object, but has not been granted those access rights. (0xc0000022)
[0309/222512.414:ERROR:exception_snapshot_win.cc(98)] thread ID 12808 not found in process
[0309/222608.630:ERROR:process_reader_win.cc(123)] NtOpenThread: {Access Denied} A process has requested access to an object, but has not been granted those access rights. (0xc0000022)
[0309/222608.630:ERROR:exception_snapshot_win.cc(98)] thread ID 13448 not found in process
[0309/222608.667:ERROR:process_reader_win.cc(123)] NtOpenThread: {Access Denied} A process has requested access to an object, but has not been granted those access rights. (0xc0000022)
[0309/222608.667:ERROR:exception_snapshot_win.cc(98)] thread ID 7112 not found in process
[0309/222639.074:ERROR:process_reader_win.cc(123)] NtOpenThread: {Access Denied} A process has requested access to an object, but has not been granted those access rights. (0xc0000022)
[0309/222639.074:ERROR:exception_snapshot_win.cc(98)] thread ID 8048 not found in process
[0309/222639.105:ERROR:process_reader_win.cc(123)] NtOpenThread: {Access Denied} A process has requested access to an object, but has not been granted those access rights. (0xc0000022)
[0309/222639.105:ERROR:exception_snapshot_win.cc(98)] thread ID 2924 not found in process
[0309/222935.418:ERROR:process_reader_win.cc(151)] SuspendThread: Access is denied. (0x5)
[0309/222935.418:ERROR:process_reader_win.cc(151)] SuspendThread: Access is denied. (0x5)
[0309/222935.418:ERROR:process_reader_win.cc(123)] NtOpenThread: {Access Denied} A process has requested access to an object, but has not been granted those access rights. (0xc0000022)
[0309/222935.418:ERROR:exception_snapshot_win.cc(98)] thread ID 11316 not found in process
[0309/222935.426:ERROR:process_reader_win.cc(151)] SuspendThread: Access is denied. (0x5)
[0309/222935.430:ERROR:process_reader_win.cc(123)] NtOpenThread: {Access Denied} A process has requested access to an object, but has not been granted those access rights. (0xc0000022)
[0309/222935.430:ERROR:exception_snapshot_win.cc(98)] thread ID 8940 not found in process
[0309/222935.450:ERROR:process_reader_win.cc(123)] NtOpenThread: {Access Denied} A process has requested access to an object, but has not been granted those access rights. (0xc0000022)
[0309/222935.450:ERROR:exception_snapshot_win.cc(98)] thread ID 12588 not found in process
[0309/233228.756:ERROR:process_reader_win.cc(123)] NtOpenThread: {Access Denied} A process has requested access to an object, but has not been granted those access rights. (0xc0000022)
[0309/233228.758:ERROR:exception_snapshot_win.cc(98)] thread ID 12640 not found in process
[0309/233228.786:ERROR:process_reader_win.cc(123)] NtOpenThread: {Access Denied} A process has requested access to an object, but has not been granted those access rights. (0xc0000022)
[0309/233228.786:ERROR:exception_snapshot_win.cc(98)] thread ID 13876 not found in process
